<?xml version="1.0" encoding="UTF-8"?>
<!-- Generated by org.testng.reporters.JUnitReportReporter -->
<testsuite hostname="ELW5099" failures="0" tests="2" name="testngexample.LoginHrm" time="11.954" errors="0" timestamp="2022-09-28T14:37:22 IST" skipped="0">
  <testcase classname="testngexample.LoginHrm" name="logout" time="3.766"/>
  <system-out/>
  <testcase classname="testngexample.LoginHrm" name="login" time="8.188"/>
  <system-out/>
</testsuite> <!-- testngexample.LoginHrm -->
